[17:49:11] [ServerMain/INFO]: Environment: Environment[sessionHost=https://sessionserver.mojang.com, servicesHost=https://api.minecraftservices.com, name=PROD]
[17:49:13] [ServerMain/INFO]: Loaded 1337 recipes
[17:49:13] [ServerMain/INFO]: Loaded 1448 advancements
[17:49:13] [Server thread/INFO]: Starting minecraft server version 1.21.3
[17:49:13] [Server thread/INFO]: Loading properties
[17:49:13] [Server thread/INFO]: Default game type: SURVIVAL
[17:49:13] [Server thread/INFO]: Generating keypair
[17:49:13] [Server thread/INFO]: Starting Minecraft server on *:25565
[17:49:13] [Server thread/INFO]: Using epoll channel type
[17:49:13] [Server thread/INFO]: Preparing level "world"
[17:49:14] [Server thread/INFO]: Preparing start region for dimension minecraft:overworld
[17:49:16] [Worker-Main-3/INFO]: Preparing spawn area: 0%
[17:49:16] [Worker-Main-3/INFO]: Preparing spawn area: 0%
[17:49:16] [Worker-Main-3/INFO]: Preparing spawn area: 0%
[17:49:16] [Worker-Main-3/INFO]: Preparing spawn area: 0%
[17:49:16] [Worker-Main-3/INFO]: Preparing spawn area: 0%
[17:49:16] [Server thread/INFO]: Time elapsed: 2523 ms
[17:49:16] [Server thread/INFO]: Done (2.771s)! For help, type "help"
[17:49:59] [User Authenticator #1/INFO]: UUID of player UrtryBlade is 8071038f-edbf-4a46-96e3-3a0f919427e8
[17:50:00] [Server thread/INFO]: UrtryBlade[/127.220.62.192:56659] logged in with entity id 19 at (-1002.279775052184, 104.0, 946.8145952915567)
[17:50:00] [Server thread/INFO]: UrtryBlade joined the game
[17:51:55] [User Authenticator #2/INFO]: UUID of player Dytro_9 is 4329fcbf-f85c-4ad3-a67d-7e745d794e6a
[17:51:56] [Server thread/INFO]: Dytro_9[/127.220.62.192:44015] logged in with entity id 1508 at (-1040.4052819699305, 112.0, 937.4496366296503)
[17:51:56] [Server thread/INFO]: Dytro_9 joined the game
[17:58:07] [Server thread/INFO]: Unknown or incomplete command, see below for error
[17:58:07] [Server thread/INFO]: hola<--[HERE]
[17:58:17] [Server thread/INFO]: [Not Secure] [Server] hola
[17:59:05] [Server thread/INFO]: UrtryBlade has made the advancement [Sweet Dreams]
[17:59:05] [Server thread/INFO]: Dytro_9 has made the advancement [Sweet Dreams]
[17:59:56] [Server thread/INFO]: Gamerule playersSleepingPercentage is now set to: 50
